c:\users\yuuki\source\repos\robofite\robofite\debug\vc142.pdb
c:\users\yuuki\source\repos\robofite\robofite\debug\vc142.idb
c:\users\yuuki\source\repos\robofite\robofite\debug\vector3.obj
c:\users\yuuki\source\repos\robofite\robofite\debug\stage.obj
c:\users\yuuki\source\repos\robofite\robofite\debug\main.obj
c:\users\yuuki\source\repos\robofite\robofite\debug\robo.obj
c:\users\yuuki\source\repos\robofite\robofite\debug\pad.obj
c:\users\yuuki\source\repos\robofite\robofite\debug\matrix44.obj
c:\users\yuuki\source\repos\robofite\robofite\debug\matrix34.obj
c:\users\yuuki\source\repos\robofite\robofite\debug\config.obj
c:\users\yuuki\source\repos\robofite\debug\robofite.pdb
c:\users\yuuki\source\repos\robofite\robofite\debug\robofite.tlog\cl.command.1.tlog
c:\users\yuuki\source\repos\robofite\robofite\debug\robofite.tlog\cl.read.1.tlog
c:\users\yuuki\source\repos\robofite\robofite\debug\robofite.tlog\cl.write.1.tlog
c:\users\yuuki\source\repos\robofite\robofite\debug\robofite.tlog\link-cvtres.read.1.tlog
c:\users\yuuki\source\repos\robofite\robofite\debug\robofite.tlog\link-cvtres.write.1.tlog
c:\users\yuuki\source\repos\robofite\robofite\debug\robofite.tlog\link-rc.read.1.tlog
c:\users\yuuki\source\repos\robofite\robofite\debug\robofite.tlog\link-rc.write.1.tlog
c:\users\yuuki\source\repos\robofite\robofite\debug\robofite.tlog\link.command.1.tlog
c:\users\yuuki\source\repos\robofite\robofite\debug\robofite.tlog\link.read.1.tlog
c:\users\yuuki\source\repos\robofite\robofite\debug\robofite.tlog\link.write.1.tlog
